   Compiling zenos v0.1.0 (/home/pc/ZenOS)
warning: fields `node`, `gbm`, `allocator`, and `renderer` are never read
  --> src/backend.rs:33:9
   |
32 | pub struct Gpu {
   |            --- fields in this struct
33 |     pub node: DrmNode,
   |         ^^^^
34 |     pub drm: DrmDevice,
35 |     pub gbm: GbmDevice<DrmDeviceFd>,
   |         ^^^
36 |     pub allocator: GbmAllocator<DrmDeviceFd>,
   |         ^^^^^^^^^
37 |     pub renderer: GlesRenderer,
   |         ^^^^^^^^
   |
   = note: `#[warn(dead_code)]` (part of `#[warn(unused)]`) on by default

warning: field `seat_name` is never read
  --> src/state.rs:11:9
   |
 7 | pub struct ZenState {
   |            -------- field in this struct
...
11 |     pub seat_name: String,
   |         ^^^^^^^^^

warning: `zenos` (bin "zenos") generated 2 warnings
    Finished `dev` profile [unoptimized + debuginfo] target(s) in 3.48s
     Running `target/debug/zenos`
[2m2026-06-16T17:11:48.980871Z[0m [32m INFO[0m [2mzenos::backend[0m[2m:[0m seat: seat0
[2m2026-06-16T17:11:48.983769Z[0m [32m INFO[0m [2mzenos::backend[0m[2m:[0m primary GPU: DrmNode { dev: 57857, ty: Primary }
[2m2026-06-16T17:11:48.984063Z[0m [33m WARN[0m [2msmithay::backend::drm::device::fd[0m[2m:[0m Unable to become drm master, assuming unprivileged mode
[2m2026-06-16T17:11:48.984086Z[0m [32m INFO[0m [2msmithay::backend::drm::device[0m[2m:[0m DrmDevice initializing
[2m2026-06-16T17:11:49.512430Z[0m [32m INFO[0m [2msmithay::backend::egl::display[0m[2m:[0m Successfully selected EGL platform: PLATFORM_GBM_KHR
[2m2026-06-16T17:11:49.518045Z[0m [32m INFO[0m [2msmithay::backend::egl::display[0m[2m:[0m EGL Initialized
[2m2026-06-16T17:11:49.518109Z[0m [32m INFO[0m [2msmithay::backend::egl::display[0m[2m:[0m EGL Version: (1, 5)
[2m2026-06-16T17:11:49.518210Z[0m [32m INFO[0m [2msmithay::backend::egl::display[0m[2m:[0m Supported EGL display extensions: ["EGL_ANDROID_blob_cache", "EGL_ANDROID_native_fence_sync", "EGL_EXT_buffer_age", "EGL_EXT_config_select_group", "EGL_EXT_create_context_robustness", "EGL_EXT_image_dma_buf_import", "EGL_EXT_image_dma_buf_import_modifiers", "EGL_EXT_query_reset_notification_strategy", "EGL_EXT_surface_compression", "EGL_IMG_context_priority", "EGL_KHR_cl_event2", "EGL_KHR_config_attribs", "EGL_KHR_context_flush_control", "EGL_KHR_create_context", "EGL_KHR_create_context_no_error", "EGL_KHR_fence_sync", "EGL_KHR_get_all_proc_addresses", "EGL_KHR_gl_colorspace", "EGL_KHR_gl_renderbuffer_image", "EGL_KHR_gl_texture_2D_image", "EGL_KHR_gl_texture_3D_image", "EGL_KHR_gl_texture_cubemap_image", "EGL_KHR_image", "EGL_KHR_image_base", "EGL_KHR_image_pixmap", "EGL_KHR_no_config_context", "EGL_KHR_partial_update", "EGL_KHR_reusable_sync", "EGL_KHR_surfaceless_context", "EGL_EXT_pixel_format_float", "EGL_KHR_wait_sync", "EGL_MESA_configless_context", "EGL_MESA_gl_interop", "EGL_MESA_image_dma_buf_export", "EGL_MESA_query_driver", "EGL_MESA_x11_native_visual_id", ""]
[2m2026-06-16T17:11:49.535345Z[0m [32m INFO[0m [1megl[0m[1m{[0m[3mnative[0m[2m=[0m"/dev/dri/card1" [3mplatform[0m[2m=[0m"PLATFORM_GBM_KHR" [3mversion[0m[2m=[0m(1, 5)[1m}[0m[2m:[0m[1megl_context[0m[1m{[0m[3mptr[0m[2m=[0m94318547383584[1m}[0m[2m:[0m [2msmithay::backend::egl::context[0m[2m:[0m EGL context created [3mpriority[0m[2m=[0mSome(Medium)
[2m2026-06-16T17:11:49.543146Z[0m [32m INFO[0m [1megl[0m[1m{[0m[3mnative[0m[2m=[0m"/dev/dri/card1" [3mplatform[0m[2m=[0m"PLATFORM_GBM_KHR" [3mversion[0m[2m=[0m(1, 5)[1m}[0m[2m:[0m[1megl_context[0m[1m{[0m[3mptr[0m[2m=[0m94318547383584[1m}[0m[2m:[0m[1mrenderer_gles2[0m[2m:[0m [2msmithay::backend::renderer::gles[0m[2m:[0m Initializing OpenGL ES Renderer
[2m2026-06-16T17:11:49.543245Z[0m [32m INFO[0m [1megl[0m[1m{[0m[3mnative[0m[2m=[0m"/dev/dri/card1" [3mplatform[0m[2m=[0m"PLATFORM_GBM_KHR" [3mversion[0m[2m=[0m(1, 5)[1m}[0m[2m:[0m[1megl_context[0m[1m{[0m[3mptr[0m[2m=[0m94318547383584[1m}[0m[2m:[0m[1mrenderer_gles2[0m[2m:[0m [2msmithay::backend::renderer::gles[0m[2m:[0m GL Version: "OpenGL ES 3.2 Mesa 26.1.2-arch1.2"
[2m2026-06-16T17:11:49.543316Z[0m [32m INFO[0m [1megl[0m[1m{[0m[3mnative[0m[2m=[0m"/dev/dri/card1" [3mplatform[0m[2m=[0m"PLATFORM_GBM_KHR" [3mversion[0m[2m=[0m(1, 5)[1m}[0m[2m:[0m[1megl_context[0m[1m{[0m[3mptr[0m[2m=[0m94318547383584[1m}[0m[2m:[0m[1mrenderer_gles2[0m[2m:[0m [2msmithay::backend::renderer::gles[0m[2m:[0m GL Vendor: "Intel"
[2m2026-06-16T17:11:49.543367Z[0m [32m INFO[0m [1megl[0m[1m{[0m[3mnative[0m[2m=[0m"/dev/dri/card1" [3mplatform[0m[2m=[0m"PLATFORM_GBM_KHR" [3mversion[0m[2m=[0m(1, 5)[1m}[0m[2m:[0m[1megl_context[0m[1m{[0m[3mptr[0m[2m=[0m94318547383584[1m}[0m[2m:[0m[1mrenderer_gles2[0m[2m:[0m [2msmithay::backend::renderer::gles[0m[2m:[0m GL Renderer: "Mesa Intel(R) HD Graphics 620 (KBL GT2)"
[2m2026-06-16T17:11:49.543415Z[0m [32m INFO[0m [1megl[0m[1m{[0m[3mnative[0m[2m=[0m"/dev/dri/card1" [3mplatform[0m[2m=[0m"PLATFORM_GBM_KHR" [3mversion[0m[2m=[0m(1, 5)[1m}[0m[2m:[0m[1megl_context[0m[1m{[0m[3mptr[0m[2m=[0m94318547383584[1m}[0m[2m:[0m[1mrenderer_gles2[0m[2m:[0m [2msmithay::backend::renderer::gles[0m[2m:[0m Supported GL Extensions: ["GL_EXT_blend_minmax", "GL_EXT_multi_draw_arrays", "GL_EXT_texture_filter_anisotropic", "GL_EXT_texture_compression_s3tc", "GL_EXT_texture_compression_dxt1", "GL_EXT_texture_compression_rgtc", "GL_EXT_texture_format_BGRA8888", "GL_OES_compressed_ETC1_RGB8_texture", "GL_OES_depth24", "GL_OES_element_index_uint", "GL_OES_fbo_render_mipmap", "GL_OES_mapbuffer", "GL_OES_rgb8_rgba8", "GL_OES_standard_derivatives", "GL_OES_stencil8", "GL_OES_texture_3D", "GL_OES_texture_float", "GL_OES_texture_float_linear", "GL_OES_texture_half_float", "GL_OES_texture_half_float_linear", "GL_OES_texture_npot", "GL_OES_vertex_half_float", "GL_EXT_draw_instanced", "GL_EXT_texture_sRGB_decode", "GL_OES_EGL_image", "GL_OES_depth_texture", "GL_AMD_performance_monitor", "GL_OES_packed_depth_stencil", "GL_EXT_texture_type_2_10_10_10_REV", "GL_NV_conditional_render", "GL_OES_get_program_binary", "GL_APPLE_texture_max_level", "GL_EXT_discard_framebuffer", "GL_EXT_read_format_bgra", "GL_EXT_texture_storage", "GL_NV_pack_subimage", "GL_NV_texture_barrier", "GL_EXT_frag_depth", "GL_NV_fbo_color_attachments", "GL_OES_EGL_image_external", "GL_OES_EGL_sync", "GL_OES_vertex_array_object", "GL_OES_viewport_array", "GL_ANGLE_pack_reverse_row_order", "GL_ANGLE_texture_compression_dxt3", "GL_ANGLE_texture_compression_dxt5", "GL_EXT_occlusion_query_boolean", "GL_EXT_robustness", "GL_EXT_sRGB", "GL_EXT_texture_rg", "GL_EXT_unpack_subimage", "GL_NV_draw_buffers", "GL_NV_read_buffer", "GL_NV_read_depth", "GL_NV_read_depth_stencil", "GL_NV_read_stencil", "GL_APPLE_sync", "GL_EXT_draw_buffers", "GL_EXT_instanced_arrays", "GL_EXT_map_buffer_range", "GL_EXT_shadow_samplers", "GL_KHR_debug", "GL_KHR_robustness", "GL_KHR_texture_compression_astc_ldr", "GL_NV_generate_mipmap_sRGB", "GL_NV_pixel_buffer_object", "GL_OES_depth_texture_cube_map", "GL_OES_required_internalformat", "GL_OES_surfaceless_context", "GL_EXT_color_buffer_float", "GL_EXT_debug_label", "GL_EXT_sRGB_write_control", "GL_EXT_separate_shader_objects", "GL_EXT_shader_framebuffer_fetch", "GL_EXT_shader_group_vote", "GL_EXT_shader_implicit_conversions", "GL_EXT_shader_integer_mix", "GL_EXT_tessellation_point_size", "GL_EXT_tessellation_shader", "GL_INTEL_conservative_rasterization", "GL_INTEL_performance_query", "GL_ANDROID_extension_pack_es31a", "GL_EXT_base_instance", "GL_EXT_compressed_ETC1_RGB8_sub_texture", "GL_EXT_copy_image", "GL_EXT_draw_buffers_indexed", "GL_EXT_draw_elements_base_vertex", "GL_EXT_gpu_shader5", "GL_EXT_multi_draw_indirect", "GL_EXT_polygon_offset_clamp", "GL_EXT_primitive_bounding_box", "GL_EXT_render_snorm", "GL_EXT_shader_io_blocks", "GL_EXT_texture_border_clamp", "GL_EXT_texture_buffer", "GL_EXT_texture_cube_map_array", "GL_EXT_texture_norm16", "GL_EXT_texture_view", "GL_KHR_blend_equation_advanced", "GL_KHR_blend_equation_advanced_coherent", "GL_KHR_context_flush_control", "GL_KHR_robust_buffer_access_behavior", "GL_NV_image_formats", "GL_NV_shader_noperspective_interpolation", "GL_OES_copy_image", "GL_OES_draw_buffers_indexed", "GL_OES_draw_elements_base_vertex", "GL_OES_gpu_shader5", "GL_OES_primitive_bounding_box", "GL_OES_sample_shading", "GL_OES_sample_variables", "GL_OES_shader_io_blocks", "GL_OES_shader_multisample_interpolation", "GL_OES_tessellation_point_size", "GL_OES_tessellation_shader", "GL_OES_texture_border_clamp", "GL_OES_texture_buffer", "GL_OES_texture_cube_map_array", "GL_OES_texture_stencil8", "GL_OES_texture_storage_multisample_2d_array", "GL_OES_texture_view", "GL_EXT_blend_func_extended", "GL_EXT_buffer_storage", "GL_EXT_float_blend", "GL_EXT_geometry_point_size", "GL_EXT_geometry_shader", "GL_EXT_shader_samples_identical", "GL_EXT_texture_sRGB_R8", "GL_KHR_no_error", "GL_KHR_texture_compression_astc_sliced_3d", "GL_NV_fragment_shader_interlock", "GL_OES_EGL_image_external_essl3", "GL_OES_geometry_point_size", "GL_OES_geometry_shader", "GL_OES_shader_image_atomic", "GL_EXT_clear_texture", "GL_EXT_clip_cull_distance", "GL_EXT_conservative_depth", "GL_EXT_disjoint_timer_query", "GL_EXT_texture_compression_s3tc_srgb", "GL_MESA_shader_integer_functions", "GL_EXT_clip_control", "GL_EXT_color_buffer_half_float", "GL_EXT_memory_object", "GL_EXT_memory_object_fd", "GL_EXT_semaphore", "GL_EXT_semaphore_fd", "GL_EXT_texture_compression_bptc", "GL_EXT_texture_mirror_clamp_to_edge", "GL_KHR_parallel_shader_compile", "GL_NV_alpha_to_coverage_dither_control", "GL_EXT_EGL_image_storage", "GL_EXT_shader_framebuffer_fetch_non_coherent", "GL_EXT_texture_shadow_lod", "GL_INTEL_blackhole_render", "GL_MESA_framebuffer_flip_y", "GL_NV_compute_shader_derivatives", "GL_EXT_demote_to_helper_invocation", "GL_EXT_depth_clamp", "GL_EXT_texture_query_lod", "GL_KHR_shader_subgroup", "GL_MESA_sampler_objects", "GL_EXT_EGL_image_storage_compression", "GL_EXT_texture_storage_compression", "GL_MESA_bgra", "GL_MESA_texture_const_bandwidth", "GL_EXT_shader_clock", ""]
[2m2026-06-16T17:11:49.594363Z[0m [32m INFO[0m [2mzenos::backend[0m[2m:[0m auto-exit in 10s (set ZENOS_TIMEOUT to change, 0 to disable)
[2m2026-06-16T17:11:49.594407Z[0m [32m INFO[0m [2mzenos::backend[0m[2m:[0m ZenOS compositor running
[2m2026-06-16T17:11:59.608240Z[0m [32m INFO[0m [2mzenos::backend[0m[2m:[0m auto-exit timeout reached, shutting down
[2m2026-06-16T17:11:59.608407Z[0m [32m INFO[0m [2mzenos::backend[0m[2m:[0m releasing GPU + session
[2m2026-06-16T17:11:59.608910Z[0m [31mERROR[0m [1mdrm_atomic[0m[2m:[0m [2msmithay::backend::drm::device::atomic[0m[2m:[0m Failed to restore previous state. Error: Invalid argument (os error 22)
[2m2026-06-16T17:11:59.617749Z[0m [32m INFO[0m [2msmithay::backend::drm::device::fd[0m[2m:[0m Dropping device: Some("/dev/dri/card1")
